0 info it worked if it ends with ok
1 verbose cli [ '/usr/bin/node', '/usr/bin/npm', 'run', 'startDev' ]
2 info using npm@3.10.10
3 info using node@v6.13.0
4 verbose run-script [ 'prestartDev', 'startDev', 'poststartDev' ]
5 info lifecycle project@~prestartDev: project@
6 silly lifecycle project@~prestartDev: no script for prestartDev, continuing
7 info lifecycle project@~startDev: project@
8 verbose lifecycle project@~startDev: unsafe-perm in lifecycle true
9 verbose lifecycle project@~startDev: PATH: /usr/lib/node_modules/npm/bin/node-gyp-bin:/home/tanguy/Documents/project/edu-project-template-2018/back/node_modules/.bin:/home/tanguy/bin:/home/tanguy/.local/bin:/home/tanguy/bin:/home/tanguy/.local/bin:/usr/local/sbin:/usr/local/bin:/usr/sbin:/usr/bin:/sbin:/bin:/usr/games:/usr/local/games:/snap/bin
10 verbose lifecycle project@~startDev: CWD: /home/tanguy/Documents/project/edu-project-template-2018/back
11 silly lifecycle project@~startDev: Args: [ '-c', 'NODE_ENV=dev node server.js' ]
12 silly lifecycle project@~startDev: Returned: code: 1  signal: null
13 info lifecycle project@~startDev: Failed to exec startDev script
14 verbose stack Error: project@ startDev: `NODE_ENV=dev node server.js`
14 verbose stack Exit status 1
14 verbose stack     at EventEmitter.<anonymous> (/usr/lib/node_modules/npm/lib/utils/lifecycle.js:255:16)
14 verbose stack     at emitTwo (events.js:106:13)
14 verbose stack     at EventEmitter.emit (events.js:191:7)
14 verbose stack     at ChildProcess.<anonymous> (/usr/lib/node_modules/npm/lib/utils/spawn.js:40:14)
14 verbose stack     at emitTwo (events.js:106:13)
14 verbose stack     at ChildProcess.emit (events.js:191:7)
14 verbose stack     at maybeClose (internal/child_process.js:920:16)
14 verbose stack     at Process.ChildProcess._handle.onexit (internal/child_process.js:230:5)
15 verbose pkgid project@
16 verbose cwd /home/tanguy/Documents/project/edu-project-template-2018/back
17 error Linux 4.13.0-36-generic
18 error argv "/usr/bin/node" "/usr/bin/npm" "run" "startDev"
19 error node v6.13.0
20 error npm  v3.10.10
21 error code ELIFECYCLE
22 error project@ startDev: `NODE_ENV=dev node server.js`
22 error Exit status 1
23 error Failed at the project@ startDev script 'NODE_ENV=dev node server.js'.
23 error Make sure you have the latest version of node.js and npm installed.
23 error If you do, this is most likely a problem with the project package,
23 error not with npm itself.
23 error Tell the author that this fails on your system:
23 error     NODE_ENV=dev node server.js
23 error You can get information on how to open an issue for this project with:
23 error     npm bugs project
23 error Or if that isn't available, you can get their info via:
23 error     npm owner ls project
23 error There is likely additional logging output above.
24 verbose exit [ 1, true ]
